<?xml version="1.0" encoding="UTF-8"?>
<!-- Generated by org.testng.reporters.JUnitXMLReporter -->
<testsuite ignored="0" hostname="LAPTOP-M1TC7PID" failures="0" tests="6" name="Default test" time="43.507" errors="0" timestamp="2025-02-04T03:06:09 IST">
  <testcase classname="Ecommerce.tests.DataDrivenCheck" name="submitOrder" time="17.4"/>
  <testcase classname="Ecommerce.tests.DataDrivenCheck" name="submitOrder" time="4.696"/>
  <testcase classname="Ecommerce.tests.DataDrivenCheck" name="submitOrder" time="4.833"/>
  <testcase classname="Ecommerce.tests.DataDrivenCheck" name="orderHistoryTest" time="0.734"/>
  <testcase classname="Ecommerce.tests.DataDrivenCheck" name="orderHistoryTest" time="0.727"/>
  <testcase classname="Ecommerce.tests.DataDrivenCheck" name="orderHistoryTest" time="0.746"/>
</testsuite> <!-- Default test -->
