<?xml version="1.0" encoding="UTF-8"?>
<!-- Generated by org.testng.reporters.JUnitXMLReporter -->
<testsuite ignored="0" hostname="LAPTOP-M1TC7PID" failures="0" tests="4" name="ErrorValidaionTest" time="49.329" errors="0" timestamp="2025-02-13T20:31:40 IST">
  <testcase classname="Ecommerce.tests.ErrorValidationTest" name="ProductErrorValidation" time="17.025"/>
  <testcase classname="Ecommerce.tests.ErrorValidationTest" name="ProductErrorValidation" time="5.31"/>
  <testcase classname="Ecommerce.tests.ErrorValidationTest" name="ProductErrorValidation" time="16.611"/>
  <testcase classname="Ecommerce.tests.ErrorValidationTest" name="loginErrorValidation" time="0.44"/>
</testsuite> <!-- ErrorValidaionTest -->
