<?xml version="1.0" encoding="UTF-8"?>
<!-- Generated by org.testng.reporters.JUnitXMLReporter -->
<testsuite ignored="0" hostname="LAPTOP-M1TC7PID" failures="0" tests="4" name="ErrorValidaionTest" time="71.685" errors="0" timestamp="2025-02-13T21:06:47 IST">
  <testcase classname="Ecommerce.tests.ErrorValidationTest" name="ProductErrorValidation" time="16.927"/>
  <testcase classname="Ecommerce.tests.ErrorValidationTest" name="ProductErrorValidation" time="16.743"/>
  <testcase classname="Ecommerce.tests.ErrorValidationTest" name="ProductErrorValidation" time="16.775"/>
  <testcase classname="Ecommerce.tests.ErrorValidationTest" name="loginErrorValidation" time="0.732"/>
</testsuite> <!-- ErrorValidaionTest -->
