<?xml version="1.0" encoding="UTF-8"?>
<!-- Generated by org.testng.reporters.JUnitXMLReporter -->
<testsuite ignored="1" hostname="LAPTOP-M1TC7PID" failures="0" tests="3" name="RefractedTest" time="72.2" errors="0" timestamp="2025-02-21T09:57:46 IST">
  <testcase classname="Ecommerce.tests.DataDrivenCheckTest" name="submitOrder" time="18.741"/>
  <testcase classname="Ecommerce.tests.DataDrivenCheckTest" name="submitOrder" time="18.662"/>
  <testcase classname="Ecommerce.tests.DataDrivenCheckTest" name="submitOrder" time="18.296"/>
  <testcase classname="Ecommerce.tests.DataDrivenCheckTest" name="orderHistoryTest" time="0.0">
    <ignored/>
  </testcase> <!-- orderHistoryTest -->
</testsuite> <!-- RefractedTest -->
