<?xml version="1.0" encoding="UTF-8"?>
<!-- Generated by org.testng.reporters.JUnitXMLReporter -->
<testsuite ignored="1" hostname="LAPTOP-M1TC7PID" failures="0" tests="3" name="RefractedTest" time="60.153" errors="0" timestamp="2025-02-13T20:33:17 IST">
  <testcase classname="Ecommerce.tests.DataDrivenCheckTest" name="submitOrder" time="17.603"/>
  <testcase classname="Ecommerce.tests.DataDrivenCheckTest" name="submitOrder" time="17.622"/>
  <testcase classname="Ecommerce.tests.DataDrivenCheckTest" name="submitOrder" time="17.628"/>
  <testcase classname="Ecommerce.tests.DataDrivenCheckTest" name="orderHistoryTest" time="0.0">
    <ignored/>
  </testcase> <!-- orderHistoryTest -->
</testsuite> <!-- RefractedTest -->
