<?xml version="1.0" encoding="UTF-8"?>
<testng-results ignored="0" total="3" passed="3" failed="0" skipped="0">
  <reporter-output>
  </reporter-output>
  <suite started-at="2025-02-21T09:56:33 IST" name="Suite" finished-at="2025-02-21T09:57:46 IST" duration-ms="72200">
    <groups>
      <group name="Purchase">
        <method signature="DataDrivenCheckTest.submitOrder(java.util.HashMap)[pri:0, instance:Ecommerce.tests.DataDrivenCheckTest@478190fc]" name="submitOrder" class="Ecommerce.tests.DataDrivenCheckTest"/>
      </group> <!-- Purchase -->
    </groups>
    <test started-at="2025-02-21T09:56:33 IST" name="RefractedTest" finished-at="2025-02-21T09:57:46 IST" duration-ms="72200">
      <class name="Ecommerce.tests.DataDrivenCheckTest">
        <test-method is-config="true" signature="launchApplication()[pri:0, instance:Ecommerce.tests.DataDrivenCheckTest@478190fc]" started-at="2025-02-21T09:56:34 IST" name="launchApplication" finished-at="2025-02-21T09:56:41 IST" duration-ms="7451" status="PASS">
          <reporter-output>
          </reporter-output>
        </test-method> <!-- launchApplication -->
        <test-method signature="submitOrder(java.util.HashMap)[pri:0, instance:Ecommerce.tests.DataDrivenCheckTest@478190fc]" started-at="2025-02-21T09:56:41 IST" name="submitOrder" data-provider="getData" finished-at="2025-02-21T09:57:00 IST" duration-ms="18741" status="PASS">
          <params>
            <param index="0">
              <value>
                <![CDATA[{password=Srita@sen25, product=IPHONE 13 PRO, email=srita.sen@gmail.com}]]>
              </value>
            </param>
          </params>
          <reporter-output>
          </reporter-output>
        </test-method> <!-- submitOrder -->
        <test-method is-config="true" signature="tearDown()[pri:0, instance:Ecommerce.tests.DataDrivenCheckTest@478190fc]" started-at="2025-02-21T09:57:00 IST" name="tearDown" finished-at="2025-02-21T09:57:00 IST" duration-ms="116" status="PASS">
          <reporter-output>
          </reporter-output>
        </test-method> <!-- tearDown -->
        <test-method is-config="true" signature="launchApplication()[pri:0, instance:Ecommerce.tests.DataDrivenCheckTest@478190fc]" started-at="2025-02-21T09:57:00 IST" name="launchApplication" finished-at="2025-02-21T09:57:05 IST" duration-ms="4158" status="PASS">
          <reporter-output>
          </reporter-output>
        </test-method> <!-- launchApplication -->
        <test-method signature="submitOrder(java.util.HashMap)[pri:0, instance:Ecommerce.tests.DataDrivenCheckTest@478190fc]" started-at="2025-02-21T09:57:05 IST" name="submitOrder" data-provider="getData" finished-at="2025-02-21T09:57:23 IST" duration-ms="18662" status="PASS">
          <params>
            <param index="0">
              <value>
                <![CDATA[{password=Iamking@000, product=ADIDAS ORIGINAL, email=shetty@gmail.com}]]>
              </value>
            </param>
          </params>
          <reporter-output>
          </reporter-output>
        </test-method> <!-- submitOrder -->
        <test-method is-config="true" signature="tearDown()[pri:0, instance:Ecommerce.tests.DataDrivenCheckTest@478190fc]" started-at="2025-02-21T09:57:23 IST" name="tearDown" finished-at="2025-02-21T09:57:23 IST" duration-ms="149" status="PASS">
          <reporter-output>
          </reporter-output>
        </test-method> <!-- tearDown -->
        <test-method is-config="true" signature="launchApplication()[pri:0, instance:Ecommerce.tests.DataDrivenCheckTest@478190fc]" started-at="2025-02-21T09:57:23 IST" name="launchApplication" finished-at="2025-02-21T09:57:27 IST" duration-ms="3779" status="PASS">
          <reporter-output>
          </reporter-output>
        </test-method> <!-- launchApplication -->
        <test-method signature="submitOrder(java.util.HashMap)[pri:0, instance:Ecommerce.tests.DataDrivenCheckTest@478190fc]" started-at="2025-02-21T09:57:27 IST" name="submitOrder" data-provider="getData" finished-at="2025-02-21T09:57:45 IST" duration-ms="18296" status="PASS">
          <params>
            <param index="0">
              <value>
                <![CDATA[{password=Srita@sen25, product=ZARA COAT 3, email=srita.sen@gmail.com}]]>
              </value>
            </param>
          </params>
          <reporter-output>
          </reporter-output>
        </test-method> <!-- submitOrder -->
        <test-method is-config="true" signature="tearDown()[pri:0, instance:Ecommerce.tests.DataDrivenCheckTest@478190fc]" started-at="2025-02-21T09:57:45 IST" name="tearDown" finished-at="2025-02-21T09:57:46 IST" duration-ms="94" status="PASS">
          <reporter-output>
          </reporter-output>
        </test-method> <!-- tearDown -->
      </class> <!-- Ecommerce.tests.DataDrivenCheckTest -->
    </test> <!-- RefractedTest -->
  </suite> <!-- Suite -->
</testng-results>
